<?xml version="1.0" encoding="UTF-8"?>
<testsuite xmlns:xsi="http://www.w3.org/2001/XMLSchema-instance" xsi:noNamespaceSchemaLocation="https://maven.apache.org/surefire/maven-surefire-plugin/xsd/surefire-test-report-3.0.xsd" version="3.0" name="CalcInterestTest" time="0.178" tests="16" errors="0" skipped="0" failures="0">
  <properties>
[...]
</properties>
  <testcase name="testPropertyLoanCase_TC_PB1" classname="CalcInterestTest" time="0.069"/>
  <testcase name="testPropertyLoanCase_TC_PB2" classname="CalcInterestTest" time="0.003"/>
  <testcase name="testPropertyLoanCase_TC_PB3" classname="CalcInterestTest" time="0.002"/>
  <testcase name="testPropertyLoanCase_TC_PB4" classname="CalcInterestTest" time="0.001"/>
  <testcase name="testPropertyLoanCase_TC_PB5" classname="CalcInterestTest" time="0.004"/>
  <testcase name="testInvalidLoanTypeZero_TC_E6" classname="CalcInterestTest" time="0.001"/>
  <testcase name="testNegativeYearLoan_TC_E3" classname="CalcInterestTest" time="0.002"/>
  <testcase name="testUnrealisticYearLoan_TC_E4" classname="CalcInterestTest" time="0.002"/>
  <testcase name="testInvalidLoanType_TC_E1" classname="CalcInterestTest" time="0.002"/>
  <testcase name="testHomeLoanCase_TC_HB1" classname="CalcInterestTest" time="0.002"/>
  <testcase name="testHomeLoanCase_TC_HB2" classname="CalcInterestTest" time="0.002"/>
  <testcase name="testHomeLoanCase_TC_HB3" classname="CalcInterestTest" time="0.001"/>
  <testcase name="testHomeLoanCase_TC_HB4" classname="CalcInterestTest" time="0.002"/>
  <testcase name="testHomeLoanCase_TC_HB5" classname="CalcInterestTest" time="0.002"/>
  <testcase name="testYearLoanZero_TC_E5" classname="CalcInterestTest" time="0.001"/>
  <testcase name="testNegativeLoanAmount_TC_E2" classname="CalcInterestTest" time="0.002"/>
</testsuite>